2026-02-07 18:40:19.027 xcodebuild[92821:5581554]  DVTFilePathFSEvents: Failed to start fs event stream.
2026-02-07 18:40:19.178 xcodebuild[92821:5581552] [MT] DVTDeveloperPaths: Failed to get length of DARWIN_USER_CACHE_DIR from confstr(3), error = Error Domain=NSPOSIXErrorDomain Code=5 "Input/output error". Using NSCachesDirectory instead.
2026-02-07 18:40:19.472 xcodebuild[92821:5581555] CoreSimulatorService connection became invalid.  Simulator services will no longer be available.
2026-02-07 18:40:19.473 xcodebuild[92821:5581597] Logging connecton invalid: <OS_xpc_error: <dictionary: 0x1f5a72be0> { count = 1, transaction: 0, voucher = 0x0, contents =
	"XPCErrorDescription" => <string: 0x1f5a72d28> { length = 18, contents = "Connection invalid" }
}>
2026-02-07 18:40:19.473 xcodebuild[92821:5581597] Error opening log file (/Users/freeman/Library/Logs/CoreSimulator/CoreSimulator.com.apple.dt.xcodebuild.log): Operation not permitted
[-[SimServiceContext sendRequest:]:1743] ERROR : Unable to deliver request ({
    "developer_dir" = "/Applications/Xcode.app/Contents/Developer";
    request = "set_developer_dir";
}) because we are not connected to CoreSimulatorService.
Command line invocation:
    /Applications/Xcode.app/Contents/Developer/usr/bin/xcodebuild -project "/Volumes/T7 Shield/App creation/SimpleInvoice/SmallBizWorkspace.xcodeproj" -scheme "SmallBiz Workspace" -configuration Debug -sdk iphonesimulator build

Build settings from command line:
    SDKROOT = iphonesimulator26.2

2026-02-07 18:40:19.520 xcodebuild[92821:5581552] [MT] DVTAssertions: Warning in DVTFrameworks/DVTFoundation/FileTypes/DVTFileDataTypeDetection.m:79
Details:  detectedTypeIdentifier (com.apple.binary-property-list) does not conform to matchedTypeIdentifier in MagicFileDataTypeDetector extenson com.apple.property-list. When both are specified, this conformance is required unless overridden by setting allowNonInheritance. extension.identifier:Xcode.MagicFileDataTypeDetector.BinaryPlist
Object:   <DVTFileDataTypeDetectionMagicCache: 0x15cbf96a0>
Method:   -initWithExtension:
Thread:   <_NSMainThread: 0x15ca0ee80>{number = 1, name = main}
Please file a bug at https://feedbackassistant.apple.com with this warning message and any useful information you can provide.
2026-02-07 18:40:19.521 xcodebuild[92821:5581552] [MT] DVTAssertions: Warning in DVTFrameworks/DVTFoundation/FileTypes/DVTFileDataTypeDetection.m:79
Details:  detectedTypeIdentifier (com.apple.xml-property-list) does not conform to matchedTypeIdentifier in MagicFileDataTypeDetector extenson com.apple.property-list. When both are specified, this conformance is required unless overridden by setting allowNonInheritance. extension.identifier:Xcode.MagicFileDataTypeDetector.XMLPlist
Object:   <DVTFileDataTypeDetectionMagicCache: 0x15cbfc580>
Method:   -initWithExtension:
Thread:   <_NSMainThread: 0x15ca0ee80>{number = 1, name = main}
Please file a bug at https://feedbackassistant.apple.com with this warning message and any useful information you can provide.
[-[SimServiceContext initWithDeveloperDir:connectionType:error:]:450] WARN  : Unable to discover any Simulator runtimes. Developer Directory is /Applications/Xcode.app/Contents/Developer.
[-[SimDiskImageManager init]:175] ERROR : Could not kickstart simdiskimaged; SimDiskImageManager services will not be available: Error Domain=NSPOSIXErrorDomain Code=53 "Software caused connection abort" UserInfo={NSLocalizedDescription=Error returned in reply from CoreSimulatorService: Connection invalid}
[-[SimDiskImageManager _onQueue_checkConnection:]:239] ERROR : simdiskimaged returned error (invalid), marking disconnected.
[-[SimDiskImageManager _onQueue_checkConnection:]:239] ERROR : simdiskimaged returned error (invalid), marking disconnected.
[-[SimServiceContext initWithDeveloperDir:connectionType:error:]_block_invoke:486] ERROR : Could not get list of trusted mount directories: Error Domain=com.apple.CoreSimulator.SimError Code=410 "The service used to manage runtime disk images (simdiskimaged) crashed or is not responding" UserInfo={NSLocalizedDescription=The service used to manage runtime disk images (simdiskimaged) crashed or is not responding}
[-[SimServiceContext sendRequest:reply:error:]:1763] ERROR : Unable to deliver request ({
    request = "notification_subscription";
    "set_path" = "/Users/freeman/Library/Developer/CoreSimulator/Devices";
}) because we are not connected to CoreSimulatorService.
2026-02-07 18:40:19.558 xcodebuild[92821:5581554] Error Domain=NSPOSIXErrorDomain Code=61 "Connection refused" UserInfo={NSLocalizedDescription=CoreSimulatorService connection became invalid.  Simulator services will no longer be available.}
[-[SimServiceContext sendRequest:reply:error:]:1763] ERROR : Unable to deliver request ({
    request = "notification_subscription";
    "set_path" = "/Users/freeman/Library/Developer/CoreSimulator/Devices";
}) because we are not connected to CoreSimulatorService.
2026-02-07 18:40:19.559 xcodebuild[92821:5581597] Error Domain=NSPOSIXErrorDomain Code=61 "Connection refused" UserInfo={NSLocalizedDescription=CoreSimulatorService connection became invalid.  Simulator services will no longer be available.}
2026-02-07 18:40:19.559 xcodebuild[92821:5581554]  IDESimulatorAvailability: startObservingSimulatorUpdates() FAILED to register SimDeviceSet observer
2026-02-07 18:40:19.559 xcodebuild[92821:5581597]  iOSSimulator: [SimServiceContext defaultDeviceSetWithError:] returned nil (Error Domain=NSPOSIXErrorDomain Code=61 "Connection refused" UserInfo={NSLocalizedFailureReason=Failed to subscribe to notifications from CoreSimulatorService., NSLocalizedDescription=Failed to initialize simulator device set., NSUnderlyingError=0x119a4eae0 {Error Domain=NSPOSIXErrorDomain Code=61 "Connection refused" UserInfo={NSLocalizedDescription=CoreSimulatorService connection became invalid.  Simulator services will no longer be available.}}}). Simulator device support disabled.
2026-02-07 18:40:19.609 xcodebuild[92821:5581597]  DVTProvisioningProfileManager: Failed to load profile "/Users/freeman/Library/Developer/Xcode/UserData/Provisioning Profiles/20db0e16-897e-401d-b282-8dd464dfbf97.mobileprovision" (Error Domain=DVTProvisioningProfileProviderErrorDomain Code=1 "Failed to load profile." UserInfo={NSLocalizedDescription=Failed to load profile., NSLocalizedRecoverySuggestion=Profile is missing the required UUID property.})
2026-02-07 18:40:19.609 xcodebuild[92821:5581602]  DVTProvisioningProfileManager: Failed to load profile "/Users/freeman/Library/Developer/Xcode/UserData/Provisioning Profiles/06435dad-e9b7-4107-a0e7-7d1738b1d29f.mobileprovision" (Error Domain=DVTProvisioningProfileProviderErrorDomain Code=1 "Failed to load profile." UserInfo={NSLocalizedDescription=Failed to load profile., NSLocalizedRecoverySuggestion=Profile is missing the required UUID property.})
2026-02-07 18:40:19.609 xcodebuild[92821:5581596]  DVTProvisioningProfileManager: Failed to load profile "/Users/freeman/Library/Developer/Xcode/UserData/Provisioning Profiles/d1d154c3-06da-4051-a5fc-3b7e609b3064.mobileprovision" (Error Domain=DVTProvisioningProfileProviderErrorDomain Code=1 "Failed to load profile." UserInfo={NSLocalizedDescription=Failed to load profile., NSLocalizedRecoverySuggestion=Profile is missing the required UUID property.})
2026-02-07 18:40:19.609 xcodebuild[92821:5581606]  DVTProvisioningProfileManager: Failed to load profile "/Users/freeman/Library/Developer/Xcode/UserData/Provisioning Profiles/4b79ca12-9e2f-4c8f-91d5-4ca0b2981aef.mobileprovision" (Error Domain=DVTProvisioningProfileProviderErrorDomain Code=1 "Failed to load profile." UserInfo={NSLocalizedDescription=Failed to load profile., NSLocalizedRecoverySuggestion=Profile is missing the required UUID property.})
Resolve Package Graph

Package: zipfoundation

fatalError2026-02-07 18:40:19.896 xcodebuild[92821:5581552] Writing error result bundle to /var/folders/z9/qxpkb9p50ys2z_62bnzksgzw0000gn/T/ResultBundle_2026-07-02_18-40-0019.xcresult
xcodebuild: error: Could not resolve package dependencies:
  fatalError
  <unknown>:0: error: error opening '/Users/freeman/.cache/clang/ModuleCache/Swift-3FSBVKQ1SWBCU.swiftmodule' for output: /Users/freeman/.cache/clang/ModuleCache: Operation not permitted
<unknown>:0: error: unable to load standard library for target 'arm64-apple-macos14.0'
<unknown>:0: error: cannot open file '/Users/freeman/Library/Caches/org.swift.swiftpm/manifests/ManifestLoading/zipfoundation.dia' for diagnostics emission (Operation not permitted)

